# JRE version: OpenJDK Runtime Environment Corretto-16.0.2.7.1 (16.0.2+7) (build 16.0.2+7)
# Java VM: OpenJDK 64-Bit Server VM Corretto-16.0.2.7.1 (16.0.2+7, mixed mode, sharing, tiered, compressed oops, compressed class ptrs, g1 gc, windows-amd64)
GC Precious Log:
 CPUs: 8 total, 8 available
 Memory: 8112M
 Large Page Support: Disabled
 NUMA Support: Disabled
 Compressed Oops: Enabled (32-bit)
 Heap Region Size: 1M
 Heap Min Capacity: 8M
 Heap Initial Capacity: 128M
 Heap Max Capacity: 2030M
 Pre-touch: Disabled
 Parallel Workers: 8
 Concurrent Workers: 2
 Concurrent Refinement Workers: 8
 Periodic GC: Disabled
Heap:
 garbage-first heap   total 37888K, used 26976K [0x0000000081200000, 0x0000000100000000)
  region size 1024K, 14 young (14336K), 1 survivors (1024K)
 Metaspace       used 31099K, committed 31488K, reserved 1081344K
  class space    used 3732K, committed 3904K, reserved 1048576K
GC Heap History (14 events):
Event: 0.605 GC heap before
{Heap before GC invocations=0 (full 0):
 garbage-first heap   total 131072K, used 23552K [0x0000000081200000, 0x0000000100000000)
  region size 1024K, 23 young (23552K), 0 survivors (0K)
 Metaspace       used 5890K, committed 6080K, reserved 1056768K
  class space    used 635K, committed 704K, reserved 1048576K
}
Event: 0.609 GC heap after
{Heap after GC invocations=1 (full 0):
 garbage-first heap   total 131072K, used 4426K [0x0000000081200000, 0x0000000100000000)
  region size 1024K, 3 young (3072K), 3 survivors (3072K)
 Metaspace       used 5890K, committed 6080K, reserved 1056768K
  class space    used 635K, committed 704K, reserved 1048576K
}
Event: 1.059 GC heap before
{Heap before GC invocations=1 (full 0):
 garbage-first heap   total 131072K, used 32074K [0x0000000081200000, 0x0000000100000000)
  region size 1024K, 31 young (31744K), 3 survivors (3072K)
 Metaspace       used 13240K, committed 13440K, reserved 1064960K
  class space    used 1546K, committed 1664K, reserved 1048576K
}
Event: 1.063 GC heap after
{Heap after GC invocations=2 (full 0):
 garbage-first heap   total 131072K, used 6161K [0x0000000081200000, 0x0000000100000000)
  region size 1024K, 2 young (2048K), 2 survivors (2048K)
 Metaspace       used 13240K, committed 13440K, reserved 1064960K
  class space    used 1546K, committed 1664K, reserved 1048576K
}
Event: 1.943 GC heap before
{Heap before GC invocations=2 (full 0):
 garbage-first heap   total 131072K, used 51217K [0x0000000081200000, 0x0000000100000000)
  region size 1024K, 47 young (48128K), 2 survivors (2048K)
 Metaspace       used 20979K, committed 21248K, reserved 1073152K
  class space    used 2539K, committed 2688K, reserved 1048576K
}
Event: 1.947 GC heap after
{Heap after GC invocations=3 (full 0):
 garbage-first heap   total 131072K, used 9309K [0x0000000081200000, 0x0000000100000000)
  region size 1024K, 5 young (5120K), 5 survivors (5120K)
 Metaspace       used 20979K, committed 21248K, reserved 1073152K
  class space    used 2539K, committed 2688K, reserved 1048576K
}
Event: 2.266 GC heap before
{Heap before GC invocations=4 (full 0):
 garbage-first heap   total 37888K, used 27741K [0x0000000081200000, 0x0000000100000000)
  region size 1024K, 23 young (23552K), 5 survivors (5120K)
 Metaspace       used 24467K, committed 24768K, reserved 1073152K
  class space    used 2935K, committed 3072K, reserved 1048576K
}
Event: 2.271 GC heap after
{Heap after GC invocations=5 (full 0):
 garbage-first heap   total 37888K, used 11130K [0x0000000081200000, 0x0000000100000000)
  region size 1024K, 2 young (2048K), 2 survivors (2048K)
 Metaspace       used 24467K, committed 24768K, reserved 1073152K
  class space    used 2935K, committed 3072K, reserved 1048576K
}
Event: 2.607 GC heap before
{Heap before GC invocations=5 (full 0):
 garbage-first heap   total 37888K, used 27514K [0x0000000081200000, 0x0000000100000000)
  region size 1024K, 18 young (18432K), 2 survivors (2048K)
 Metaspace       used 27319K, committed 27648K, reserved 1081344K
  class space    used 3296K, committed 3456K, reserved 1048576K
}
Event: 2.610 GC heap after
{Heap after GC invocations=6 (full 0):
 garbage-first heap   total 37888K, used 13324K [0x0000000081200000, 0x0000000100000000)
  region size 1024K, 3 young (3072K), 3 survivors (3072K)
 Metaspace       used 27319K, committed 27648K, reserved 1081344K
  class space    used 3296K, committed 3456K, reserved 1048576K
}
Event: 115.573 GC heap before
{Heap before GC invocations=6 (full 0):
 garbage-first heap   total 37888K, used 26636K [0x0000000081200000, 0x0000000100000000)
  region size 1024K, 17 young (17408K), 3 survivors (3072K)
 Metaspace       used 30956K, committed 31296K, reserved 1081344K
  class space    used 3732K, committed 3904K, reserved 1048576K
}
Event: 115.576 GC heap after
{Heap after GC invocations=7 (full 0):
 garbage-first heap   total 37888K, used 14181K [0x0000000081200000, 0x0000000100000000)
  region size 1024K, 2 young (2048K), 2 survivors (2048K)
 Metaspace       used 30956K, committed 31296K, reserved 1081344K
  class space    used 3732K, committed 3904K, reserved 1048576K
}
Event: 1267.287 GC heap before
{Heap before GC invocations=7 (full 0):
 garbage-first heap   total 37888K, used 27493K [0x0000000081200000, 0x0000000100000000)
  region size 1024K, 15 young (15360K), 2 survivors (2048K)
 Metaspace       used 31095K, committed 31488K, reserved 1081344K
  class space    used 3732K, committed 3904K, reserved 1048576K
}
Event: 1267.288 GC heap after
{Heap after GC invocations=8 (full 0):
 garbage-first heap   total 37888K, used 14688K [0x0000000081200000, 0x0000000100000000)
  region size 1024K, 1 young (1024K), 1 survivors (1024K)
 Metaspace       used 31095K, committed 31488K, reserved 1081344K
  class space    used 3732K, committed 3904K, reserved 1048576K
}

